Using pre-set license
Built from '2020.3/staging' branch; Version is '2020.3.0f1 (c7b5465681fb) revision 13088070'; Using compiler version '192528614'; Build Type 'Release'
OS: 'Windows 10 Home; OS build 19042.928; Version 2009; 64bit' Language: 'pt' Physical Memory: 16310 MB
BatchMode: 1, IsHumanControllingUs: 0, StartBugReporterOnCrash: 0, Is64bit: 1, IsPro: 0

 COMMAND LINE ARGUMENTS:
C:\Program Files\Unity\Hub\Editor\2020.3.0f1\Editor\Unity.exe
-adb2
-batchMode
-noUpm
-name
AssetImportWorker0
-projectPath
D:/GameDev/Unity2D/GMTK Jam 2020
-logFile
Logs/AssetImportWorker0.log
-srvPort
52928
Successfully changed project path to: D:/GameDev/Unity2D/GMTK Jam 2020
D:/GameDev/Unity2D/GMTK Jam 2020
Using Asset Import Pipeline V2.
Refreshing native plugins compatible for Editor in 44.68 ms, found 1 plugins.
Preloading 0 native plugins for Editor in 0.00 ms.
Initialize engine version: 2020.3.0f1 (c7b5465681fb)
[Subsystems] Discovering subsystems at path C:/Program Files/Unity/Hub/Editor/2020.3.0f1/Editor/Data/Resources/UnitySubsystems
[Subsystems] Discovering subsystems at path D:/GameDev/Unity2D/GMTK Jam 2020/Assets
GfxDevice: creating device client; threaded=0
Direct3D:
    Version:  Direct3D 11.0 [level 11.1]
    Renderer: NVIDIA GeForce RTX 3070 (ID=0x2484)
    Vendor:   
    VRAM:     8043 MB
    Driver:   27.21.14.6192
Shader 'Universal Render Pipeline/Particles/Lit': fallback shader 'Universal Render Pipeline/Particles/SimpleLit' not found
Initialize mono
Mono path[0] = 'C:/Program Files/Unity/Hub/Editor/2020.3.0f1/Editor/Data/Managed'
Mono path[1] = 'C:/Program Files/Unity/Hub/Editor/2020.3.0f1/Editor/Data/MonoBleedingEdge/lib/mono/unityjit'
Mono config path = 'C:/Program Files/Unity/Hub/Editor/2020.3.0f1/Editor/Data/MonoBleedingEdge/etc'
Using monoOptions --debugger-agent=transport=dt_socket,embedding=1,server=y,suspend=n,address=127.0.0.1:56864
Begin MonoManager ReloadAssembly
Registering precompiled unity dll's ...
Register platform support module: C:/Program Files/Unity/Hub/Editor/2020.3.0f1/Editor/Data/PlaybackEngines/WebGLSupport/UnityEditor.WebGL.Extensions.dll
Register platform support module: C:/Program Files/Unity/Hub/Editor/2020.3.0f1/Editor/Data/PlaybackEngines/WindowsStandaloneSupport/UnityEditor.WindowsStandalone.Extensions.dll
Registered in 0.001663 seconds.
Native extension for WindowsStandalone target not found
Native extension for WebGL target not found
Refreshing native plugins compatible for Editor in 47.27 ms, found 1 plugins.
Preloading 0 native plugins for Editor in 0.00 ms.
Invoked RoslynAnalysisRunner static constructor.
RoslynAnalysisRunner will not be running.
RoslynAnalysisRunner has terminated.
Mono: successfully reloaded assembly
- Completed reload, in  0.812 seconds
Platform modules already initialized, skipping
Registering precompiled user dll's ...
Registered in 0.000978 seconds.
Begin MonoManager ReloadAssembly
Native extension for WindowsStandalone target not found
Native extension for WebGL target not found
Refreshing native plugins compatible for Editor in 47.90 ms, found 1 plugins.
Preloading 0 native plugins for Editor in 0.00 ms.
Invoked RoslynAnalysisRunner static constructor.
RoslynAnalysisRunner will not be running.
RoslynAnalysisRunner has terminated.
Mono: successfully reloaded assembly
- Completed reload, in  0.686 seconds
Platform modules already initialized, skipping
========================================================================
Worker process is ready to serve import requests
Shader 'Universal Render Pipeline/Particles/Lit': fallback shader 'Universal Render Pipeline/Particles/SimpleLit' not found
Launched and connected shader compiler UnityShaderCompiler.exe after 0.03 seconds
Refreshing native plugins compatible for Editor in 0.76 ms, found 1 plugins.
Preloading 0 native plugins for Editor in 0.00 ms.
Unloading 3142 Unused Serialized files (Serialized files now loaded: 0)
System memory in use before: 227.8 MB.
System memory in use after: 228.0 MB.

Unloading 21 unused Assets to reduce memory usage. Loaded Objects now: 3612.
Total: 2.475800 ms (FindLiveObjects: 0.330800 ms CreateObjectMapping: 0.146000 ms MarkObjects: 1.935000 ms  DeleteObjects: 0.063200 ms)

========================================================================
Received Import Request.
  path: Assets/Scripts/Asteroid.cs
  artifactKey: Guid(7ac331a6b91197d449525d53a1bf4dfc) Importer(815301076,1909f56bfc062723c751e8b465ee728b)
Start importing Assets/Scripts/Asteroid.cs using Guid(7ac331a6b91197d449525d53a1bf4dfc) Importer(815301076,1909f56bfc062723c751e8b465ee728b)  -> (artifact id: '8b684b4d5d752b0350adf5b31e8533fe') in 0.018176 seconds
  Import took 0.022346 seconds .

========================================================================
Received Import Request.
  Time since last request: 0.000131 seconds.
  path: Assets/Scripts/Bullet.cs
  artifactKey: Guid(913a6c903bd2ddd49a8d3082b3415934) Importer(815301076,1909f56bfc062723c751e8b465ee728b)
Start importing Assets/Scripts/Bullet.cs using Guid(913a6c903bd2ddd49a8d3082b3415934) Importer(815301076,1909f56bfc062723c751e8b465ee728b)  -> (artifact id: '86309037c881bebc0da6d58f54f81695') in 0.004536 seconds
  Import took 0.007793 seconds .

========================================================================
Received Import Request.
  Time since last request: 0.000111 seconds.
  path: Assets/Scripts/BoxCastTest.cs
  artifactKey: Guid(2ffc56302160327419d899a81e3f2d08) Importer(815301076,1909f56bfc062723c751e8b465ee728b)
Start importing Assets/Scripts/BoxCastTest.cs using Guid(2ffc56302160327419d899a81e3f2d08) Importer(815301076,1909f56bfc062723c751e8b465ee728b)  -> (artifact id: 'a23324b19b630ce8d7ba1cf11223aa90') in 0.016207 seconds
  Import took 0.020130 seconds .

========================================================================
Received Import Request.
  Time since last request: 0.000126 seconds.
  path: Assets/Scripts/AsteroidSpawner.cs
  artifactKey: Guid(8c252c97baf19a7468c0e2bf468844af) Importer(815301076,1909f56bfc062723c751e8b465ee728b)
Start importing Assets/Scripts/AsteroidSpawner.cs using Guid(8c252c97baf19a7468c0e2bf468844af) Importer(815301076,1909f56bfc062723c751e8b465ee728b)  -> (artifact id: '2de5e62e9e35a7effb1926e7ef0038b9') in 0.004688 seconds
  Import took 0.008035 seconds .

========================================================================
Received Import Request.
  Time since last request: 0.352611 seconds.
  path: Assets/Scripts/Enemy.cs
  artifactKey: Guid(f70e46e014b1d9547a82dbdabc0349fb) Importer(815301076,1909f56bfc062723c751e8b465ee728b)
Start importing Assets/Scripts/Enemy.cs using Guid(f70e46e014b1d9547a82dbdabc0349fb) Importer(815301076,1909f56bfc062723c751e8b465ee728b)  -> (artifact id: '53918512dde564094199c1372fb553dd') in 0.005777 seconds
  Import took 0.010089 seconds .

========================================================================
Received Import Request.
  Time since last request: 0.451014 seconds.
  path: Assets/Scripts/Enemy_Spawner.cs
  artifactKey: Guid(aa162b4e37032124d89df7a595c14df0) Importer(815301076,1909f56bfc062723c751e8b465ee728b)
Start importing Assets/Scripts/Enemy_Spawner.cs using Guid(aa162b4e37032124d89df7a595c14df0) Importer(815301076,1909f56bfc062723c751e8b465ee728b)  -> (artifact id: '125c61c5e7933bb4b223422b398cc50d') in 0.012374 seconds
  Import took 0.016975 seconds .

========================================================================
Received Import Request.
  Time since last request: 0.574250 seconds.
  path: Assets/Scripts/GUIDebugger.cs
  artifactKey: Guid(99947777189665a47837b95c51dac66f) Importer(815301076,1909f56bfc062723c751e8b465ee728b)
Start importing Assets/Scripts/GUIDebugger.cs using Guid(99947777189665a47837b95c51dac66f) Importer(815301076,1909f56bfc062723c751e8b465ee728b)  -> (artifact id: '0f43816ec0f76c3ed9d9d88a40856aa7') in 0.005694 seconds
  Import took 0.010240 seconds .

========================================================================
Received Import Request.
  Time since last request: 0.538901 seconds.
  path: Assets/Scripts/Health.cs
  artifactKey: Guid(f3a3ab5d199f2f844bc54b45fb2d142a) Importer(815301076,1909f56bfc062723c751e8b465ee728b)
Start importing Assets/Scripts/Health.cs using Guid(f3a3ab5d199f2f844bc54b45fb2d142a) Importer(815301076,1909f56bfc062723c751e8b465ee728b)  -> (artifact id: '52a39ad50d94c49d6254f12f16618a23') in 0.005812 seconds
  Import took 0.010440 seconds .

========================================================================
Received Import Request.
  Time since last request: 1.525934 seconds.
  path: Assets/Scripts/Player_Actions.cs
  artifactKey: Guid(f7ddb9c6d5a605444b8e55f718cb6c78) Importer(815301076,1909f56bfc062723c751e8b465ee728b)
Start importing Assets/Scripts/Player_Actions.cs using Guid(f7ddb9c6d5a605444b8e55f718cb6c78) Importer(815301076,1909f56bfc062723c751e8b465ee728b)  -> (artifact id: '5f84c04dd2cbe880ad6f7962a66d43e7') in 0.007597 seconds
  Import took 0.012091 seconds .

========================================================================
Received Import Request.
  Time since last request: 0.578030 seconds.
  path: Assets/Scripts/Player_Input.cs
  artifactKey: Guid(ad3a968a900881f41b2895bbd59c2cc1) Importer(815301076,1909f56bfc062723c751e8b465ee728b)
Start importing Assets/Scripts/Player_Input.cs using Guid(ad3a968a900881f41b2895bbd59c2cc1) Importer(815301076,1909f56bfc062723c751e8b465ee728b)  -> (artifact id: 'd0de0d0e5861946aa330630fe2766cf3') in 0.006482 seconds
  Import took 0.011010 seconds .

========================================================================
Received Import Request.
  Time since last request: 0.473128 seconds.
  path: Assets/Scripts/Player_Movement.cs
  artifactKey: Guid(a52f2eb208e121949a5a6e3c26e797d6) Importer(815301076,1909f56bfc062723c751e8b465ee728b)
Start importing Assets/Scripts/Player_Movement.cs using Guid(a52f2eb208e121949a5a6e3c26e797d6) Importer(815301076,1909f56bfc062723c751e8b465ee728b)  -> (artifact id: '0137d9112005ade8dc391aae88d1540c') in 0.006245 seconds
  Import took 0.010898 seconds .

========================================================================
Received Import Request.
  Time since last request: 0.000395 seconds.
  path: Assets/Scripts/Player_Movement.cs
  artifactKey: Guid(a52f2eb208e121949a5a6e3c26e797d6) Importer(815301076,1909f56bfc062723c751e8b465ee728b)
Start importing Assets/Scripts/Player_Movement.cs using Guid(a52f2eb208e121949a5a6e3c26e797d6) Importer(815301076,1909f56bfc062723c751e8b465ee728b)  -> (artifact id: '0137d9112005ade8dc391aae88d1540c') in 0.001749 seconds
  Import took 0.004756 seconds .

========================================================================
Received Import Request.
  Time since last request: 1.336378 seconds.
  path: Assets/Scripts/Player_State.cs
  artifactKey: Guid(5987a93f7e6a5b5489366be391a76120) Importer(815301076,1909f56bfc062723c751e8b465ee728b)
Start importing Assets/Scripts/Player_State.cs using Guid(5987a93f7e6a5b5489366be391a76120) Importer(815301076,1909f56bfc062723c751e8b465ee728b)  -> (artifact id: '9c6605ef8ff95c906340e8657a8d17fb') in 0.005773 seconds
  Import took 0.010312 seconds .

========================================================================
Received Import Request.
  Time since last request: 0.451549 seconds.
  path: Assets/Scripts/Radar.cs
  artifactKey: Guid(2d42abbab18e51d42918a59574f6e3dc) Importer(815301076,1909f56bfc062723c751e8b465ee728b)
Start importing Assets/Scripts/Radar.cs using Guid(2d42abbab18e51d42918a59574f6e3dc) Importer(815301076,1909f56bfc062723c751e8b465ee728b)  -> (artifact id: '844b5b98ba2630d451ef36c2feffbd38') in 0.005612 seconds
  Import took 0.010132 seconds .

========================================================================
Received Import Request.
  Time since last request: 0.722385 seconds.
  path: Assets/Scripts/Radar_Arrow.cs
  artifactKey: Guid(a1d4e00fbda66734c8efb2add317c1c7) Importer(815301076,1909f56bfc062723c751e8b465ee728b)
Start importing Assets/Scripts/Radar_Arrow.cs using Guid(a1d4e00fbda66734c8efb2add317c1c7) Importer(815301076,1909f56bfc062723c751e8b465ee728b)  -> (artifact id: '6f9fc62d4d809b6d4bcf7c6717e7de41') in 0.005455 seconds
  Import took 0.009717 seconds .

========================================================================
Received Import Request.
  Time since last request: 0.361457 seconds.
  path: Assets/Scripts/Shield.cs
  artifactKey: Guid(c35374a5da5c1ea41a6151e7354e883d) Importer(815301076,1909f56bfc062723c751e8b465ee728b)
Start importing Assets/Scripts/Shield.cs using Guid(c35374a5da5c1ea41a6151e7354e883d) Importer(815301076,1909f56bfc062723c751e8b465ee728b)  -> (artifact id: 'ca44a642c7c49c19e695b83c31f16e11') in 0.005625 seconds
  Import took 0.010001 seconds .

========================================================================
Received Import Request.
  Time since last request: 1.147148 seconds.
  path: Assets/Scripts/Stars.cs
  artifactKey: Guid(73dd765ae65117e4fbac5fa07735cb40) Importer(815301076,1909f56bfc062723c751e8b465ee728b)
Start importing Assets/Scripts/Stars.cs using Guid(73dd765ae65117e4fbac5fa07735cb40) Importer(815301076,1909f56bfc062723c751e8b465ee728b)  -> (artifact id: 'ed022b7080472c8bd72c3e8526e2dcdf') in 0.005294 seconds
  Import took 0.009613 seconds .

========================================================================
Received Import Request.
  Time since last request: 0.001537 seconds.
  path: Assets/Scripts/Stars.cs
  artifactKey: Guid(73dd765ae65117e4fbac5fa07735cb40) Importer(815301076,1909f56bfc062723c751e8b465ee728b)
Start importing Assets/Scripts/Stars.cs using Guid(73dd765ae65117e4fbac5fa07735cb40) Importer(815301076,1909f56bfc062723c751e8b465ee728b)  -> (artifact id: 'ed022b7080472c8bd72c3e8526e2dcdf') in 0.001950 seconds
  Import took 0.005376 seconds .

========================================================================
Received Import Request.
  Time since last request: 0.670027 seconds.
  path: Assets/Scripts/UI_Controller.cs
  artifactKey: Guid(7b9baa9cedcd15a40b4f3d0ea7d49693) Importer(815301076,1909f56bfc062723c751e8b465ee728b)
Start importing Assets/Scripts/UI_Controller.cs using Guid(7b9baa9cedcd15a40b4f3d0ea7d49693) Importer(815301076,1909f56bfc062723c751e8b465ee728b)  -> (artifact id: 'bc7c6f0d4e5addeedbe51ae4a37c88e5') in 0.006825 seconds
  Import took 0.011289 seconds .

AssetImportWorkerClient::OnTransportError - code=2 error=End of file
