Using pre-set license
Built from '2020.3/staging' branch; Version is '2020.3.0f1 (c7b5465681fb) revision 13088070'; Using compiler version '192528614'; Build Type 'Release'
OS: 'Windows 10 Home; OS build 18363.1440; Version 1909; 64bit' Language: 'pt' Physical Memory: 16310 MB
BatchMode: 1, IsHumanControllingUs: 0, StartBugReporterOnCrash: 0, Is64bit: 1, IsPro: 0

 COMMAND LINE ARGUMENTS:
C:\Program Files\Unity\Hub\Editor\2020.3.0f1\Editor\Unity.exe
-adb2
-batchMode
-noUpm
-name
AssetImportWorker0
-projectPath
D:/GameDev/Unity2D/GMTK Jam 2020
-logFile
Logs/AssetImportWorker0.log
-srvPort
53672
Successfully changed project path to: D:/GameDev/Unity2D/GMTK Jam 2020
D:/GameDev/Unity2D/GMTK Jam 2020
Using Asset Import Pipeline V2.
Refreshing native plugins compatible for Editor in 50.53 ms, found 1 plugins.
Preloading 0 native plugins for Editor in 0.00 ms.
Initialize engine version: 2020.3.0f1 (c7b5465681fb)
[Subsystems] Discovering subsystems at path C:/Program Files/Unity/Hub/Editor/2020.3.0f1/Editor/Data/Resources/UnitySubsystems
[Subsystems] Discovering subsystems at path D:/GameDev/Unity2D/GMTK Jam 2020/Assets
GfxDevice: creating device client; threaded=0
Direct3D:
    Version:  Direct3D 11.0 [level 11.1]
    Renderer: NVIDIA GeForce RTX 3070 (ID=0x2484)
    Vendor:   
    VRAM:     8043 MB
    Driver:   27.21.14.6140
Shader 'Universal Render Pipeline/Particles/Lit': fallback shader 'Universal Render Pipeline/Particles/SimpleLit' not found
Initialize mono
Mono path[0] = 'C:/Program Files/Unity/Hub/Editor/2020.3.0f1/Editor/Data/Managed'
Mono path[1] = 'C:/Program Files/Unity/Hub/Editor/2020.3.0f1/Editor/Data/MonoBleedingEdge/lib/mono/unityjit'
Mono config path = 'C:/Program Files/Unity/Hub/Editor/2020.3.0f1/Editor/Data/MonoBleedingEdge/etc'
Using monoOptions --debugger-agent=transport=dt_socket,embedding=1,server=y,suspend=n,address=127.0.0.1:56592
Begin MonoManager ReloadAssembly
Registering precompiled unity dll's ...
Register platform support module: C:/Program Files/Unity/Hub/Editor/2020.3.0f1/Editor/Data/PlaybackEngines/WindowsStandaloneSupport/UnityEditor.WindowsStandalone.Extensions.dll
Registered in 0.001286 seconds.
Native extension for WindowsStandalone target not found
Refreshing native plugins compatible for Editor in 51.39 ms, found 1 plugins.
Preloading 0 native plugins for Editor in 0.00 ms.
Invoked RoslynAnalysisRunner static constructor.
RoslynAnalysisRunner will not be running.
RoslynAnalysisRunner has terminated.
Mono: successfully reloaded assembly
- Completed reload, in  0.721 seconds
Platform modules already initialized, skipping
Registering precompiled user dll's ...
Registered in 0.000888 seconds.
Begin MonoManager ReloadAssembly
Native extension for WindowsStandalone target not found
Refreshing native plugins compatible for Editor in 51.35 ms, found 1 plugins.
Preloading 0 native plugins for Editor in 0.00 ms.
Invoked RoslynAnalysisRunner static constructor.
RoslynAnalysisRunner will not be running.
RoslynAnalysisRunner has terminated.
Mono: successfully reloaded assembly
- Completed reload, in  0.726 seconds
Platform modules already initialized, skipping
========================================================================
Worker process is ready to serve import requests
Shader 'Universal Render Pipeline/Particles/Lit': fallback shader 'Universal Render Pipeline/Particles/SimpleLit' not found
Launched and connected shader compiler UnityShaderCompiler.exe after 0.03 seconds
Refreshing native plugins compatible for Editor in 0.78 ms, found 1 plugins.
Preloading 0 native plugins for Editor in 0.00 ms.
Unloading 3142 Unused Serialized files (Serialized files now loaded: 0)
System memory in use before: 227.8 MB.
System memory in use after: 228.0 MB.

Unloading 21 unused Assets to reduce memory usage. Loaded Objects now: 3612.
Total: 2.291200 ms (FindLiveObjects: 0.323300 ms CreateObjectMapping: 0.081300 ms MarkObjects: 1.822900 ms  DeleteObjects: 0.063000 ms)

========================================================================
Received Import Request.
  path: Assets/Epic Toon FX/Materials/Misc/Liquid/splat01_animated_3x3_AB.mat
  artifactKey: Guid(cc14fd052416659478046abf153082a0) Importer(815301076,1909f56bfc062723c751e8b465ee728b)
Start importing Assets/Epic Toon FX/Materials/Misc/Liquid/splat01_animated_3x3_AB.mat using Guid(cc14fd052416659478046abf153082a0) Importer(815301076,1909f56bfc062723c751e8b465ee728b)  -> (artifact id: '56f4d6b618a269bf6b2303f0e799c1dc') in 0.181499 seconds
  Import took 0.186210 seconds .

========================================================================
Received Import Request.
  Time since last request: 0.000140 seconds.
  path: Assets/Epic Toon FX/Materials/Misc/Portals/portal_stripes_red_ADD.mat
  artifactKey: Guid(39486fb106e196144a2ccac41cb23718) Importer(815301076,1909f56bfc062723c751e8b465ee728b)
Start importing Assets/Epic Toon FX/Materials/Misc/Portals/portal_stripes_red_ADD.mat using Guid(39486fb106e196144a2ccac41cb23718) Importer(815301076,1909f56bfc062723c751e8b465ee728b)  -> (artifact id: 'fab4f9835e35403aa160b052510ea99e') in 0.237284 seconds
  Import took 0.241919 seconds .

========================================================================
Received Import Request.
  Time since last request: 0.000144 seconds.
  path: Assets/Epic Toon FX/Materials/Misc/Skulls/skull_evil_AB.mat
  artifactKey: Guid(d9d84bf291981044f8a47027ad0956fc) Importer(815301076,1909f56bfc062723c751e8b465ee728b)
Start importing Assets/Epic Toon FX/Materials/Misc/Skulls/skull_evil_AB.mat using Guid(d9d84bf291981044f8a47027ad0956fc) Importer(815301076,1909f56bfc062723c751e8b465ee728b)  -> (artifact id: '0628f4c6987af6548ceb8b7423455206') in 0.021303 seconds
  Import took 0.025356 seconds .

========================================================================
Received Import Request.
  Time since last request: 0.000139 seconds.
  path: Assets/Epic Toon FX/Materials/Misc/Unsorted/talkbubble_4x4_AB.mat
  artifactKey: Guid(182ac69dbd8e4f94c97e89321439fd1a) Importer(815301076,1909f56bfc062723c751e8b465ee728b)
Start importing Assets/Epic Toon FX/Materials/Misc/Unsorted/talkbubble_4x4_AB.mat using Guid(182ac69dbd8e4f94c97e89321439fd1a) Importer(815301076,1909f56bfc062723c751e8b465ee728b)  -> (artifact id: '8756d68ead8a151797a19055f3f6eb81') in 0.040145 seconds
  Import took 0.044458 seconds .

========================================================================
Received Import Request.
  Time since last request: 0.000143 seconds.
  path: Assets/Epic Toon FX/Materials/Misc/Stars/star_outline_AB.mat
  artifactKey: Guid(05e20be0d592a0e41a5fe0dbb7440642) Importer(815301076,1909f56bfc062723c751e8b465ee728b)
Start importing Assets/Epic Toon FX/Materials/Misc/Stars/star_outline_AB.mat using Guid(05e20be0d592a0e41a5fe0dbb7440642) Importer(815301076,1909f56bfc062723c751e8b465ee728b)  -> (artifact id: '2a010ae87837144f6430cead12721e42') in 0.023173 seconds
  Import took 0.027797 seconds .

========================================================================
Received Import Request.
  Time since last request: 0.000157 seconds.
  path: Assets/Epic Toon FX/Materials/Misc/Skulls/skull4_AB.mat
  artifactKey: Guid(b32d83f23be6ff846b7e4581eb6eaf9b) Importer(815301076,1909f56bfc062723c751e8b465ee728b)
Start importing Assets/Epic Toon FX/Materials/Misc/Skulls/skull4_AB.mat using Guid(b32d83f23be6ff846b7e4581eb6eaf9b) Importer(815301076,1909f56bfc062723c751e8b465ee728b)  -> (artifact id: 'a04214cbc73937e61256c7acd84fc0d2') in 0.020956 seconds
  Import took 0.025246 seconds .

========================================================================
Received Import Request.
  Time since last request: 0.000135 seconds.
  path: Assets/Epic Toon FX/Models/Materials/verticalgradient2.mat
  artifactKey: Guid(7565000918336db479c7e476cddaa64e) Importer(815301076,1909f56bfc062723c751e8b465ee728b)
Start importing Assets/Epic Toon FX/Models/Materials/verticalgradient2.mat using Guid(7565000918336db479c7e476cddaa64e) Importer(815301076,1909f56bfc062723c751e8b465ee728b)  -> (artifact id: '9ee05352d358c39d07c03d7245838afe') in 0.016527 seconds
  Import took 0.020808 seconds .

========================================================================
Received Import Request.
  Time since last request: 0.000144 seconds.
  path: Assets/Epic Toon FX/Materials/Misc/Portals/portal_stripes_yellow_ADD.mat
  artifactKey: Guid(40638a949c8dbee459e4c1587e0de6ca) Importer(815301076,1909f56bfc062723c751e8b465ee728b)
Start importing Assets/Epic Toon FX/Materials/Misc/Portals/portal_stripes_yellow_ADD.mat using Guid(40638a949c8dbee459e4c1587e0de6ca) Importer(815301076,1909f56bfc062723c751e8b465ee728b)  -> (artifact id: '8b7a6e747dbe87b31dcfc2d13a033411') in 0.024879 seconds
  Import took 0.029090 seconds .

========================================================================
Received Import Request.
  Time since last request: 0.000149 seconds.
  path: Assets/Epic Toon FX/Materials/Misc/Skulls/skull_love_AB.mat
  artifactKey: Guid(9508913321a683748b47ef37ee8cd11b) Importer(815301076,1909f56bfc062723c751e8b465ee728b)
Start importing Assets/Epic Toon FX/Materials/Misc/Skulls/skull_love_AB.mat using Guid(9508913321a683748b47ef37ee8cd11b) Importer(815301076,1909f56bfc062723c751e8b465ee728b)  -> (artifact id: '916bcb01cbfc7bdef5484dd627cdff9a') in 0.023629 seconds
  Import took 0.027808 seconds .

========================================================================
Received Import Request.
  Time since last request: 0.000152 seconds.
  path: Assets/Epic Toon FX/Materials/Basics/ring_AB.mat
  artifactKey: Guid(38e56bf2eab142445b49494feef54492) Importer(815301076,1909f56bfc062723c751e8b465ee728b)
Start importing Assets/Epic Toon FX/Materials/Basics/ring_AB.mat using Guid(38e56bf2eab142445b49494feef54492) Importer(815301076,1909f56bfc062723c751e8b465ee728b)  -> (artifact id: '0e6a95480ad371789e2625823a9ca2e5') in 0.021020 seconds
  Import took 0.025359 seconds .

========================================================================
Received Import Request.
  Time since last request: 0.000139 seconds.
  path: Assets/Epic Toon FX/Materials/Misc/Sword/slash03_ADD.mat
  artifactKey: Guid(c00f4ebbd07bea24f9aeb168ec407416) Importer(815301076,1909f56bfc062723c751e8b465ee728b)
Start importing Assets/Epic Toon FX/Materials/Misc/Sword/slash03_ADD.mat using Guid(c00f4ebbd07bea24f9aeb168ec407416) Importer(815301076,1909f56bfc062723c751e8b465ee728b)  -> (artifact id: '99e57dcdcf7fdf17544c79ee43223b7c') in 0.020795 seconds
  Import took 0.025298 seconds .

========================================================================
Received Import Request.
  Time since last request: 0.000162 seconds.
  path: Assets/Epic Toon FX/Materials/Misc/Portals/portal_soft_ADD.mat
  artifactKey: Guid(d48b6c46b04ba5d4193ecfa1d3ade5e9) Importer(815301076,1909f56bfc062723c751e8b465ee728b)
Start importing Assets/Epic Toon FX/Materials/Misc/Portals/portal_soft_ADD.mat using Guid(d48b6c46b04ba5d4193ecfa1d3ade5e9) Importer(815301076,1909f56bfc062723c751e8b465ee728b)  -> (artifact id: '84544b30e2870f8994e777b41fb194ac') in 0.022508 seconds
  Import took 0.027037 seconds .

========================================================================
Received Import Request.
  Time since last request: 0.000148 seconds.
  path: Assets/Epic Toon FX/Materials/Misc/Unsorted/snowflake_AB.mat
  artifactKey: Guid(e886185bff410b84fa34b22a2dc8fbb7) Importer(815301076,1909f56bfc062723c751e8b465ee728b)
Start importing Assets/Epic Toon FX/Materials/Misc/Unsorted/snowflake_AB.mat using Guid(e886185bff410b84fa34b22a2dc8fbb7) Importer(815301076,1909f56bfc062723c751e8b465ee728b)  -> (artifact id: 'a9a598a79a41531942d1285ba07b106b') in 0.024403 seconds
  Import took 0.029763 seconds .

========================================================================
Received Import Request.
  Time since last request: 0.000152 seconds.
  path: Assets/Epic Toon FX/Materials/Misc/Magic/shield_magic_ADD.mat
  artifactKey: Guid(139f4c1696c68e54390a5ad669273cab) Importer(815301076,1909f56bfc062723c751e8b465ee728b)
Start importing Assets/Epic Toon FX/Materials/Misc/Magic/shield_magic_ADD.mat using Guid(139f4c1696c68e54390a5ad669273cab) Importer(815301076,1909f56bfc062723c751e8b465ee728b)  -> (artifact id: '56a1739f059eaf6524f517d0f72cf7e3') in 0.013680 seconds
  Import took 0.017955 seconds .

========================================================================
Received Import Request.
  Time since last request: 0.000135 seconds.
  path: Assets/Epic Toon FX/Materials/Misc/Text/smack.mat
  artifactKey: Guid(a03694b155628b44e94d75e444aa7341) Importer(815301076,1909f56bfc062723c751e8b465ee728b)
Start importing Assets/Epic Toon FX/Materials/Misc/Text/smack.mat using Guid(a03694b155628b44e94d75e444aa7341) Importer(815301076,1909f56bfc062723c751e8b465ee728b)  -> (artifact id: '90da5b8410f7e5931c7d99233c7b5d79') in 0.024205 seconds
  Import took 0.028610 seconds .

========================================================================
Received Import Request.
  Time since last request: 0.000142 seconds.
  path: Assets/Epic Toon FX/Materials/Misc/Portals/portal_stripes_green_ADD.mat
  artifactKey: Guid(8fae4fb1d1b9afb4999346fec67a32f1) Importer(815301076,1909f56bfc062723c751e8b465ee728b)
Start importing Assets/Epic Toon FX/Materials/Misc/Portals/portal_stripes_green_ADD.mat using Guid(8fae4fb1d1b9afb4999346fec67a32f1) Importer(815301076,1909f56bfc062723c751e8b465ee728b)  -> (artifact id: '05919cd9ad726d314a25aafb9f0d2b61') in 0.024549 seconds
  Import took 0.029106 seconds .

========================================================================
Received Import Request.
  Time since last request: 0.000149 seconds.
  path: Assets/Epic Toon FX/Materials/Basics/solid_AB.mat
  artifactKey: Guid(072ade2f5404113439ad723bd09909d2) Importer(815301076,1909f56bfc062723c751e8b465ee728b)
Start importing Assets/Epic Toon FX/Materials/Basics/solid_AB.mat using Guid(072ade2f5404113439ad723bd09909d2) Importer(815301076,1909f56bfc062723c751e8b465ee728b)  -> (artifact id: 'fe28732c2857ef6f45878e6bd02dce28') in 0.015857 seconds
  Import took 0.020073 seconds .

========================================================================
Received Import Request.
  Time since last request: 0.000129 seconds.
  path: Assets/Epic Toon FX/Materials/Basics/ring_ADD.mat
  artifactKey: Guid(35b072e7a7dfe0f429bf5123cfc9a433) Importer(815301076,1909f56bfc062723c751e8b465ee728b)
Start importing Assets/Epic Toon FX/Materials/Basics/ring_ADD.mat using Guid(35b072e7a7dfe0f429bf5123cfc9a433) Importer(815301076,1909f56bfc062723c751e8b465ee728b)  -> (artifact id: 'dda4deed8aa381912b8889fa876c732c') in 0.015666 seconds
  Import took 0.019773 seconds .

========================================================================
Received Import Request.
  Time since last request: 0.000141 seconds.
  path: Assets/Epic Toon FX/Materials/Misc/Text/pow.mat
  artifactKey: Guid(302d3d9c80c53184396264abfad0da61) Importer(815301076,1909f56bfc062723c751e8b465ee728b)
Start importing Assets/Epic Toon FX/Materials/Misc/Text/pow.mat using Guid(302d3d9c80c53184396264abfad0da61) Importer(815301076,1909f56bfc062723c751e8b465ee728b)  -> (artifact id: '06d270b191be6571ad4fdff0d48f3b7f') in 0.025559 seconds
  Import took 0.030006 seconds .

========================================================================
Received Import Request.
  Time since last request: 0.000150 seconds.
  path: Assets/Epic Toon FX/Materials/Misc/Portals/portal_ring_twisty_ADD.mat
  artifactKey: Guid(445faf4ba3f729e4a8c333aaec9c8c63) Importer(815301076,1909f56bfc062723c751e8b465ee728b)
Start importing Assets/Epic Toon FX/Materials/Misc/Portals/portal_ring_twisty_ADD.mat using Guid(445faf4ba3f729e4a8c333aaec9c8c63) Importer(815301076,1909f56bfc062723c751e8b465ee728b)  -> (artifact id: '034decbe7a256a249540974dd1813687') in 0.029178 seconds
  Import took 0.033726 seconds .

========================================================================
Received Import Request.
  Time since last request: 0.000132 seconds.
  path: Assets/Epic Toon FX/Materials/Misc/Portals/portal_glow_ADD.mat
  artifactKey: Guid(b2e8acd4ba642d74a939033f33df790c) Importer(815301076,1909f56bfc062723c751e8b465ee728b)
Start importing Assets/Epic Toon FX/Materials/Misc/Portals/portal_glow_ADD.mat using Guid(b2e8acd4ba642d74a939033f33df790c) Importer(815301076,1909f56bfc062723c751e8b465ee728b)  -> (artifact id: '69764d489928b259208a9aadc833b57e') in 0.021813 seconds
  Import took 0.026092 seconds .

========================================================================
Received Import Request.
  Time since last request: 0.000155 seconds.
  path: Assets/Epic Toon FX/Materials/Misc/Sword/slash_circle01_AB.mat
  artifactKey: Guid(e9edc2d464bda70448a5f572f7c7d5be) Importer(815301076,1909f56bfc062723c751e8b465ee728b)
Start importing Assets/Epic Toon FX/Materials/Misc/Sword/slash_circle01_AB.mat using Guid(e9edc2d464bda70448a5f572f7c7d5be) Importer(815301076,1909f56bfc062723c751e8b465ee728b)  -> (artifact id: 'f13caeda4e2913e9b162ed7c4dae1ef3') in 0.021293 seconds
  Import took 0.025653 seconds .

========================================================================
Received Import Request.
  Time since last request: 0.000140 seconds.
  path: Assets/Epic Toon FX/Materials/Misc/Sword/slash_circle01_ADD.mat
  artifactKey: Guid(6eb991e61c0314441bebec3f82ff5838) Importer(815301076,1909f56bfc062723c751e8b465ee728b)
Start importing Assets/Epic Toon FX/Materials/Misc/Sword/slash_circle01_ADD.mat using Guid(6eb991e61c0314441bebec3f82ff5838) Importer(815301076,1909f56bfc062723c751e8b465ee728b)  -> (artifact id: '88aeb80a5e13d59fd20834a990e23207') in 0.015685 seconds
  Import took 0.019772 seconds .

========================================================================
Received Import Request.
  Time since last request: 0.000135 seconds.
  path: Assets/Epic Toon FX/Materials/Misc/Stars/star_AB.mat
  artifactKey: Guid(d05bd487e32791148ab238ebabb0154b) Importer(815301076,1909f56bfc062723c751e8b465ee728b)
Start importing Assets/Epic Toon FX/Materials/Misc/Stars/star_AB.mat using Guid(d05bd487e32791148ab238ebabb0154b) Importer(815301076,1909f56bfc062723c751e8b465ee728b)  -> (artifact id: 'b13c870ba1e13547623cec7a21473a6f') in 0.022261 seconds
  Import took 0.026502 seconds .

========================================================================
Received Import Request.
  Time since last request: 0.000141 seconds.
  path: Assets/Epic Toon FX/Models/Materials/verticalglow02.mat
  artifactKey: Guid(69d5fe9371620dc4aa9a545da915793f) Importer(815301076,1909f56bfc062723c751e8b465ee728b)
Start importing Assets/Epic Toon FX/Models/Materials/verticalglow02.mat using Guid(69d5fe9371620dc4aa9a545da915793f) Importer(815301076,1909f56bfc062723c751e8b465ee728b)  -> (artifact id: '24a20bfa7b5fe6f693cd634f73bcf460') in 0.012787 seconds
  Import took 0.017017 seconds .

========================================================================
Received Import Request.
  Time since last request: 0.000128 seconds.
  path: Assets/Fonts/instructions.asset
  artifactKey: Guid(ad1b8cfdbc088e2459d124dd9071ab6a) Importer(815301076,1909f56bfc062723c751e8b465ee728b)
Start importing Assets/Fonts/instructions.asset using Guid(ad1b8cfdbc088e2459d124dd9071ab6a) Importer(815301076,1909f56bfc062723c751e8b465ee728b)  -> (artifact id: '70b8cf44f3ddaad571205b898cc3dff7') in 0.045048 seconds
  Import took 0.049516 seconds .

========================================================================
Received Import Request.
  Time since last request: 0.000140 seconds.
  path: Assets/Epic Toon FX/Materials/Misc/Text/sharp_blue.mat
  artifactKey: Guid(666a9773a2ea0cc4c9d0c65884f33431) Importer(815301076,1909f56bfc062723c751e8b465ee728b)
Start importing Assets/Epic Toon FX/Materials/Misc/Text/sharp_blue.mat using Guid(666a9773a2ea0cc4c9d0c65884f33431) Importer(815301076,1909f56bfc062723c751e8b465ee728b)  -> (artifact id: '4f9a41cbe9345ebaecbd42c91de7c873') in 0.023780 seconds
  Import took 0.028050 seconds .

========================================================================
Received Import Request.
  Time since last request: 0.000138 seconds.
  path: Assets/Epic Toon FX/Materials/Misc/Sword/slash03_AB.mat
  artifactKey: Guid(6e95095aaaabd654b99cc226c305f807) Importer(815301076,1909f56bfc062723c751e8b465ee728b)
Start importing Assets/Epic Toon FX/Materials/Misc/Sword/slash03_AB.mat using Guid(6e95095aaaabd654b99cc226c305f807) Importer(815301076,1909f56bfc062723c751e8b465ee728b)  -> (artifact id: 'f355024e28de192343d9b6d87791f7f1') in 0.015922 seconds
  Import took 0.020103 seconds .

========================================================================
Received Import Request.
  Time since last request: 0.000179 seconds.
  path: Assets/Epic Toon FX/Materials/Misc/Explosions/nova_3x3_spritesheet_ADD.mat
  artifactKey: Guid(da7ddd9092467374182355e1178b192e) Importer(815301076,1909f56bfc062723c751e8b465ee728b)
Start importing Assets/Epic Toon FX/Materials/Misc/Explosions/nova_3x3_spritesheet_ADD.mat using Guid(da7ddd9092467374182355e1178b192e) Importer(815301076,1909f56bfc062723c751e8b465ee728b)  -> (artifact id: 'd4d051ebca35ecd02587c81051914bdc') in 0.036789 seconds
  Import took 0.040967 seconds .

========================================================================
Received Import Request.
  Time since last request: 0.000150 seconds.
  path: Assets/Epic Toon FX/Materials/Basics/wave3_ADD.mat
  artifactKey: Guid(7d02299296a2a9843981fe2199b208f1) Importer(815301076,1909f56bfc062723c751e8b465ee728b)
Start importing Assets/Epic Toon FX/Materials/Basics/wave3_ADD.mat using Guid(7d02299296a2a9843981fe2199b208f1) Importer(815301076,1909f56bfc062723c751e8b465ee728b)  -> (artifact id: '1603d773c321b0db1e002e6d5e383790') in 0.013087 seconds
  Import took 0.017284 seconds .

========================================================================
Received Import Request.
  Time since last request: 0.000159 seconds.
  path: Assets/Epic Toon FX/Materials/Misc/Sword/slash02_ADD.mat
  artifactKey: Guid(d37aef7de1fc0aa42810d38ede4bce9f) Importer(815301076,1909f56bfc062723c751e8b465ee728b)
Start importing Assets/Epic Toon FX/Materials/Misc/Sword/slash02_ADD.mat using Guid(d37aef7de1fc0aa42810d38ede4bce9f) Importer(815301076,1909f56bfc062723c751e8b465ee728b)  -> (artifact id: '90218369ee42e0c98bc7663804f54eed') in 0.021411 seconds
  Import took 0.025813 seconds .

========================================================================
Received Import Request.
  Time since last request: 0.000142 seconds.
  path: Assets/Epic Toon FX/Materials/Misc/Sword/slash_circle02_ADD.mat
  artifactKey: Guid(aada8adea3c6bfc4d928c85123b0c100) Importer(815301076,1909f56bfc062723c751e8b465ee728b)
Start importing Assets/Epic Toon FX/Materials/Misc/Sword/slash_circle02_ADD.mat using Guid(aada8adea3c6bfc4d928c85123b0c100) Importer(815301076,1909f56bfc062723c751e8b465ee728b)  -> (artifact id: 'aa2949da8e7d52eb26be2025f8531967') in 0.021278 seconds
  Import took 0.025885 seconds .

========================================================================
Received Import Request.
  Time since last request: 0.000149 seconds.
  path: Assets/Epic Toon FX/Materials/Misc/Portals/portal_glow_AB.mat
  artifactKey: Guid(cc016d7880dff4d41b950dfb1ce297fb) Importer(815301076,1909f56bfc062723c751e8b465ee728b)
Start importing Assets/Epic Toon FX/Materials/Misc/Portals/portal_glow_AB.mat using Guid(cc016d7880dff4d41b950dfb1ce297fb) Importer(815301076,1909f56bfc062723c751e8b465ee728b)  -> (artifact id: '829a5264902b9e3be74f3bb59855cf54') in 0.016853 seconds
  Import took 0.020999 seconds .

========================================================================
Received Import Request.
  Time since last request: 0.000146 seconds.
  path: Assets/Epic Toon FX/Materials/Misc/Liquid/splat02_animated_3x3_AB.mat
  artifactKey: Guid(f7c5949bd4fc39b4da8b55816f159297) Importer(815301076,1909f56bfc062723c751e8b465ee728b)
Start importing Assets/Epic Toon FX/Materials/Misc/Liquid/splat02_animated_3x3_AB.mat using Guid(f7c5949bd4fc39b4da8b55816f159297) Importer(815301076,1909f56bfc062723c751e8b465ee728b)  -> (artifact id: 'eb8221bf90b459a6a8ec8ac4f10adfd2') in 0.024407 seconds
  Import took 0.028516 seconds .

========================================================================
Received Import Request.
  Time since last request: 0.000137 seconds.
  path: Assets/Epic Toon FX/Materials/Misc/Explosions/nova_6x3_spritesheet_ADD.mat
  artifactKey: Guid(ea696a4cf4fe1924796b308e4791aaf7) Importer(815301076,1909f56bfc062723c751e8b465ee728b)
Start importing Assets/Epic Toon FX/Materials/Misc/Explosions/nova_6x3_spritesheet_ADD.mat using Guid(ea696a4cf4fe1924796b308e4791aaf7) Importer(815301076,1909f56bfc062723c751e8b465ee728b)  -> (artifact id: 'd5d3d5bd98a9e282fd84d4cd1d5980be') in 0.024341 seconds
  Import took 0.028828 seconds .

========================================================================
Received Import Request.
  Time since last request: 0.000124 seconds.
  path: Assets/Fonts/big.asset
  artifactKey: Guid(4652c47b1a6c5f142a9fefba35881844) Importer(815301076,1909f56bfc062723c751e8b465ee728b)
Start importing Assets/Fonts/big.asset using Guid(4652c47b1a6c5f142a9fefba35881844) Importer(815301076,1909f56bfc062723c751e8b465ee728b)  -> (artifact id: 'a3c9ba5f8654f079aad2b8420f43246f') in 0.019348 seconds
  Import took 0.023743 seconds .

========================================================================
Received Import Request.
  Time since last request: 0.000142 seconds.
  path: Assets/Epic Toon FX/Materials/Misc/Unsorted/wave_AB.mat
  artifactKey: Guid(21e4f05859013aa4689fa8d1c85e6e04) Importer(815301076,1909f56bfc062723c751e8b465ee728b)
Start importing Assets/Epic Toon FX/Materials/Misc/Unsorted/wave_AB.mat using Guid(21e4f05859013aa4689fa8d1c85e6e04) Importer(815301076,1909f56bfc062723c751e8b465ee728b)  -> (artifact id: 'ebe453565815e25458e2e66f21f2ebe5') in 0.030266 seconds
  Import took 0.034453 seconds .

========================================================================
Received Import Request.
  Time since last request: 0.000130 seconds.
  path: Assets/Epic Toon FX/Materials/Misc/Skulls/skull2_AB.mat
  artifactKey: Guid(bab1fe4217d50234dad4b94da5a2227a) Importer(815301076,1909f56bfc062723c751e8b465ee728b)
Start importing Assets/Epic Toon FX/Materials/Misc/Skulls/skull2_AB.mat using Guid(bab1fe4217d50234dad4b94da5a2227a) Importer(815301076,1909f56bfc062723c751e8b465ee728b)  -> (artifact id: '8f2c2a9139079854bb23c0563d1188ed') in 0.021789 seconds
  Import took 0.025606 seconds .

========================================================================
Received Import Request.
  Time since last request: 0.000134 seconds.
  path: Assets/Epic Toon FX/Materials/Misc/Stars/star_ADD.mat
  artifactKey: Guid(f977d103ddb4f804f84d689a9f2d20ec) Importer(815301076,1909f56bfc062723c751e8b465ee728b)
Start importing Assets/Epic Toon FX/Materials/Misc/Stars/star_ADD.mat using Guid(f977d103ddb4f804f84d689a9f2d20ec) Importer(815301076,1909f56bfc062723c751e8b465ee728b)  -> (artifact id: '05251ded3544ca8f6c85571fd6e87f01') in 0.017825 seconds
  Import took 0.021822 seconds .

========================================================================
Received Import Request.
  Time since last request: 0.000138 seconds.
  path: Assets/Epic Toon FX/Materials/Misc/Stars/star_outlined_colored_AB.mat
  artifactKey: Guid(cbc52801184e2f140a2340e2d106207b) Importer(815301076,1909f56bfc062723c751e8b465ee728b)
Start importing Assets/Epic Toon FX/Materials/Misc/Stars/star_outlined_colored_AB.mat using Guid(cbc52801184e2f140a2340e2d106207b) Importer(815301076,1909f56bfc062723c751e8b465ee728b)  -> (artifact id: 'ce4c33a34c994f5b11462e55d7d00736') in 0.021382 seconds
  Import took 0.025607 seconds .

========================================================================
Received Import Request.
  Time since last request: 0.000150 seconds.
  path: Assets/Fonts/SPACE SDF.asset
  artifactKey: Guid(5fa42531527e5244d925f599ae07d4fc) Importer(815301076,1909f56bfc062723c751e8b465ee728b)
Start importing Assets/Fonts/SPACE SDF.asset using Guid(5fa42531527e5244d925f599ae07d4fc) Importer(815301076,1909f56bfc062723c751e8b465ee728b)  -> (artifact id: 'ab422787828eceb59347adc8d622528b') in 0.021016 seconds
  Import took 0.025604 seconds .

========================================================================
Received Import Request.
  Time since last request: 0.000134 seconds.
  path: Assets/Epic Toon FX/Materials/Basics/triangle_curve_AB.mat
  artifactKey: Guid(f49f152fbc313b14b8d4b82329b10a1c) Importer(815301076,1909f56bfc062723c751e8b465ee728b)
Start importing Assets/Epic Toon FX/Materials/Basics/triangle_curve_AB.mat using Guid(f49f152fbc313b14b8d4b82329b10a1c) Importer(815301076,1909f56bfc062723c751e8b465ee728b)  -> (artifact id: '85e85363b094c128a7a0e4eed6eafac3') in 0.012343 seconds
  Import took 0.016554 seconds .

========================================================================
Received Import Request.
  Time since last request: 0.000129 seconds.
  path: Assets/Epic Toon FX/Materials/Misc/Stars/star_outlined_AB.mat
  artifactKey: Guid(0aacb045c463b304b80b9fab518be25f) Importer(815301076,1909f56bfc062723c751e8b465ee728b)
Start importing Assets/Epic Toon FX/Materials/Misc/Stars/star_outlined_AB.mat using Guid(0aacb045c463b304b80b9fab518be25f) Importer(815301076,1909f56bfc062723c751e8b465ee728b)  -> (artifact id: '3d1995e82a022d9c3b160461ff048d2a') in 0.021071 seconds
  Import took 0.025272 seconds .

========================================================================
Received Import Request.
  Time since last request: 0.000131 seconds.
  path: Assets/Epic Toon FX/Materials/Misc/Portals/portal_circular_ADD.mat
  artifactKey: Guid(fcdd5e9255d384b4f8ac9e8c75ad684d) Importer(815301076,1909f56bfc062723c751e8b465ee728b)
Start importing Assets/Epic Toon FX/Materials/Misc/Portals/portal_circular_ADD.mat using Guid(fcdd5e9255d384b4f8ac9e8c75ad684d) Importer(815301076,1909f56bfc062723c751e8b465ee728b)  -> (artifact id: 'ee6c06fc10af00e6a5141b629d7030c7') in 0.024040 seconds
  Import took 0.028313 seconds .

========================================================================
Received Import Request.
  Time since last request: 0.000150 seconds.
  path: Assets/Epic Toon FX/Materials/Basics/sparkle_AB.mat
  artifactKey: Guid(4408abb7a30b61a4a9a19dbb5f761d2b) Importer(815301076,1909f56bfc062723c751e8b465ee728b)
Start importing Assets/Epic Toon FX/Materials/Basics/sparkle_AB.mat using Guid(4408abb7a30b61a4a9a19dbb5f761d2b) Importer(815301076,1909f56bfc062723c751e8b465ee728b)  -> (artifact id: 'bc0b1d78ea5f7b269ff0a692e3cbb402') in 0.011710 seconds
  Import took 0.016054 seconds .

========================================================================
Received Import Request.
  Time since last request: 0.000139 seconds.
  path: Assets/Epic Toon FX/Materials/Misc/Unsorted/talkbubble_AB.mat
  artifactKey: Guid(a37ef22d25609254c8910ec57ea04195) Importer(815301076,1909f56bfc062723c751e8b465ee728b)
Start importing Assets/Epic Toon FX/Materials/Misc/Unsorted/talkbubble_AB.mat using Guid(a37ef22d25609254c8910ec57ea04195) Importer(815301076,1909f56bfc062723c751e8b465ee728b)  -> (artifact id: 'fc5127229e8591d4aa9013df3f1eb21d') in 0.024236 seconds
  Import took 0.029341 seconds .

========================================================================
Received Import Request.
  Time since last request: 0.000137 seconds.
  path: Assets/Epic Toon FX/Materials/Basics/triangle_AB.mat
  artifactKey: Guid(6f795a8b392db5d4aa0bb026020ed093) Importer(815301076,1909f56bfc062723c751e8b465ee728b)
Start importing Assets/Epic Toon FX/Materials/Basics/triangle_AB.mat using Guid(6f795a8b392db5d4aa0bb026020ed093) Importer(815301076,1909f56bfc062723c751e8b465ee728b)  -> (artifact id: '3d8a9970f2d03b280e00443ff50793b7') in 0.020470 seconds
  Import took 0.025105 seconds .

========================================================================
Received Import Request.
  Time since last request: 0.000136 seconds.
  path: Assets/Epic Toon FX/Materials/Basics/triangle_soft_ADD.mat
  artifactKey: Guid(a058931dd3543234e94c05ced3fd8de6) Importer(815301076,1909f56bfc062723c751e8b465ee728b)
Start importing Assets/Epic Toon FX/Materials/Basics/triangle_soft_ADD.mat using Guid(a058931dd3543234e94c05ced3fd8de6) Importer(815301076,1909f56bfc062723c751e8b465ee728b)  -> (artifact id: '613b53635b21906afe36a796f3409837') in 0.020485 seconds
  Import took 0.024927 seconds .

========================================================================
Received Import Request.
  Time since last request: 0.000144 seconds.
  path: Assets/Epic Toon FX/Materials/Misc/Text/numbers_ADD.mat
  artifactKey: Guid(728f036df9e0b9241b8ceadc9ee76490) Importer(815301076,1909f56bfc062723c751e8b465ee728b)
Start importing Assets/Epic Toon FX/Materials/Misc/Text/numbers_ADD.mat using Guid(728f036df9e0b9241b8ceadc9ee76490) Importer(815301076,1909f56bfc062723c751e8b465ee728b)  -> (artifact id: 'c298c8265932ad9338629b846532382f') in 0.022547 seconds
  Import took 0.027505 seconds .

========================================================================
Received Import Request.
  Time since last request: 0.000141 seconds.
  path: Assets/Epic Toon FX/Materials/Misc/Portals/portal_stripes_blue_ADD.mat
  artifactKey: Guid(c73b7f9b494218f4e8b6475cc83c1257) Importer(815301076,1909f56bfc062723c751e8b465ee728b)
Start importing Assets/Epic Toon FX/Materials/Misc/Portals/portal_stripes_blue_ADD.mat using Guid(c73b7f9b494218f4e8b6475cc83c1257) Importer(815301076,1909f56bfc062723c751e8b465ee728b)  -> (artifact id: '51f7c71afe46f9322a2d3324be726baa') in 0.027101 seconds
  Import took 0.031477 seconds .

========================================================================
Received Import Request.
  Time since last request: 0.000141 seconds.
  path: Assets/Epic Toon FX/Materials/Misc/Text/sharp_red.mat
  artifactKey: Guid(c8c5f86f3a7ff694faf5f45758f045de) Importer(815301076,1909f56bfc062723c751e8b465ee728b)
Start importing Assets/Epic Toon FX/Materials/Misc/Text/sharp_red.mat using Guid(c8c5f86f3a7ff694faf5f45758f045de) Importer(815301076,1909f56bfc062723c751e8b465ee728b)  -> (artifact id: '47e99da33037b6d4d1d009c5a2b4e0f0') in 0.028612 seconds
  Import took 0.032897 seconds .

========================================================================
Received Import Request.
  Time since last request: 0.000169 seconds.
  path: Assets/Epic Toon FX/Materials/Misc/Sword/slash01_ADD.mat
  artifactKey: Guid(f775ebfdf5b09fd4981b26faf9e1c586) Importer(815301076,1909f56bfc062723c751e8b465ee728b)
Start importing Assets/Epic Toon FX/Materials/Misc/Sword/slash01_ADD.mat using Guid(f775ebfdf5b09fd4981b26faf9e1c586) Importer(815301076,1909f56bfc062723c751e8b465ee728b)  -> (artifact id: 'e7137eb62ac3ecbd8e9a308a4c134d3a') in 0.028102 seconds
  Import took 0.032297 seconds .

========================================================================
Received Import Request.
  Time since last request: 0.000143 seconds.
  path: Assets/Epic Toon FX/Materials/Misc/Liquid/water_soft_3x3.mat
  artifactKey: Guid(a3b80f031ac8ed843a342206e075abca) Importer(815301076,1909f56bfc062723c751e8b465ee728b)
Start importing Assets/Epic Toon FX/Materials/Misc/Liquid/water_soft_3x3.mat using Guid(a3b80f031ac8ed843a342206e075abca) Importer(815301076,1909f56bfc062723c751e8b465ee728b)  -> (artifact id: 'ded4e16d28b3de4e7dd802fe78a1b18c') in 0.023324 seconds
  Import took 0.028038 seconds .

========================================================================
Received Import Request.
  Time since last request: 0.000146 seconds.
  path: Assets/Epic Toon FX/Materials/Misc/Portals/portal_ring_spiky_ADD.mat
  artifactKey: Guid(5f587ab3e57431b439e8ce266fb22475) Importer(815301076,1909f56bfc062723c751e8b465ee728b)
Start importing Assets/Epic Toon FX/Materials/Misc/Portals/portal_ring_spiky_ADD.mat using Guid(5f587ab3e57431b439e8ce266fb22475) Importer(815301076,1909f56bfc062723c751e8b465ee728b)  -> (artifact id: '82621cabbba2728eb1fa308dbb6bcae3') in 0.028057 seconds
  Import took 0.032690 seconds .

========================================================================
Received Import Request.
  Time since last request: 0.000135 seconds.
  path: Assets/Epic Toon FX/Materials/Misc/Sword/slash01_AB.mat
  artifactKey: Guid(64e96ff4458e88b499d1e1d8e5535052) Importer(815301076,1909f56bfc062723c751e8b465ee728b)
Start importing Assets/Epic Toon FX/Materials/Misc/Sword/slash01_AB.mat using Guid(64e96ff4458e88b499d1e1d8e5535052) Importer(815301076,1909f56bfc062723c751e8b465ee728b)  -> (artifact id: 'b7693a829a22dcd83bfd28c02f5ad4a6') in 0.016459 seconds
  Import took 0.020633 seconds .

========================================================================
Received Import Request.
  Time since last request: 0.000145 seconds.
  path: Assets/Epic Toon FX/Materials/Misc/Skulls/skull3_AB.mat
  artifactKey: Guid(46bc5c80807d4f7469309d4067c72757) Importer(815301076,1909f56bfc062723c751e8b465ee728b)
Start importing Assets/Epic Toon FX/Materials/Misc/Skulls/skull3_AB.mat using Guid(46bc5c80807d4f7469309d4067c72757) Importer(815301076,1909f56bfc062723c751e8b465ee728b)  -> (artifact id: '67fe25c93544a2cd947afb71f1d41fa8') in 0.022843 seconds
  Import took 0.026997 seconds .

========================================================================
Received Import Request.
  Time since last request: 0.000141 seconds.
  path: Assets/Epic Toon FX/Materials/Misc/Portals/portal_stripes_purple_ADD.mat
  artifactKey: Guid(1375e13c1d3ea904a940ee9ca3efb692) Importer(815301076,1909f56bfc062723c751e8b465ee728b)
Start importing Assets/Epic Toon FX/Materials/Misc/Portals/portal_stripes_purple_ADD.mat using Guid(1375e13c1d3ea904a940ee9ca3efb692) Importer(815301076,1909f56bfc062723c751e8b465ee728b)  -> (artifact id: 'dbb38659f5414e55b00794e471ba9307') in 0.030013 seconds
  Import took 0.034220 seconds .

========================================================================
Received Import Request.
  Time since last request: 0.000176 seconds.
  path: Assets/Epic Toon FX/Materials/Misc/Sword/slash02_AB.mat
  artifactKey: Guid(50d7a6ff58aa03c41bf5ab4d6947a60b) Importer(815301076,1909f56bfc062723c751e8b465ee728b)
Start importing Assets/Epic Toon FX/Materials/Misc/Sword/slash02_AB.mat using Guid(50d7a6ff58aa03c41bf5ab4d6947a60b) Importer(815301076,1909f56bfc062723c751e8b465ee728b)  -> (artifact id: '0768071407baa61e77736deec3ae4178') in 0.036380 seconds
  Import took 0.040662 seconds .

========================================================================
Received Import Request.
  Time since last request: 0.000248 seconds.
  path: Assets/Epic Toon FX/Materials/Misc/Text/sharp_white.mat
  artifactKey: Guid(e90b17dfed84ba44a86ade94a99606d2) Importer(815301076,1909f56bfc062723c751e8b465ee728b)
Start importing Assets/Epic Toon FX/Materials/Misc/Text/sharp_white.mat using Guid(e90b17dfed84ba44a86ade94a99606d2) Importer(815301076,1909f56bfc062723c751e8b465ee728b)  -> (artifact id: 'a433fbb0129aa96c21bb452c2ab1354b') in 0.026492 seconds
  Import took 0.031145 seconds .

========================================================================
Received Import Request.
  Time since last request: 0.000155 seconds.
  path: Assets/Epic Toon FX/Materials/Misc/Liquid/splat03_AB.mat
  artifactKey: Guid(9e19ef9106d053d4088df983562f2b3c) Importer(815301076,1909f56bfc062723c751e8b465ee728b)
Start importing Assets/Epic Toon FX/Materials/Misc/Liquid/splat03_AB.mat using Guid(9e19ef9106d053d4088df983562f2b3c) Importer(815301076,1909f56bfc062723c751e8b465ee728b)  -> (artifact id: '57a0e3f82ecde3f8170a3e548c66fa5e') in 0.023131 seconds
  Import took 0.027487 seconds .

========================================================================
Received Import Request.
  Time since last request: 0.000197 seconds.
  path: Assets/Epic Toon FX/Models/Materials/sphereshield.mat
  artifactKey: Guid(76b8fa41c968c1240abc61ad1bef708e) Importer(815301076,1909f56bfc062723c751e8b465ee728b)
Start importing Assets/Epic Toon FX/Models/Materials/sphereshield.mat using Guid(76b8fa41c968c1240abc61ad1bef708e) Importer(815301076,1909f56bfc062723c751e8b465ee728b)  -> (artifact id: 'd481d5f6c650c002561b3b3c02fccf79') in 0.013422 seconds
  Import took 0.018071 seconds .

========================================================================
Received Import Request.
  Time since last request: 0.000142 seconds.
  path: Assets/Epic Toon FX/Materials/Basics/sparkle_ADD.mat
  artifactKey: Guid(a976a44ca501e564bb2adee42f573b4d) Importer(815301076,1909f56bfc062723c751e8b465ee728b)
Start importing Assets/Epic Toon FX/Materials/Basics/sparkle_ADD.mat using Guid(a976a44ca501e564bb2adee42f573b4d) Importer(815301076,1909f56bfc062723c751e8b465ee728b)  -> (artifact id: 'fff5f378de74f267c046cb93cf9a169d') in 0.016256 seconds
  Import took 0.020330 seconds .

========================================================================
Received Import Request.
  Time since last request: 0.000131 seconds.
  path: Assets/Epic Toon FX/Materials/Misc/Liquid/splat01_AB.mat
  artifactKey: Guid(fb160fb6f3cc4e64796e5256e24dd2d2) Importer(815301076,1909f56bfc062723c751e8b465ee728b)
Start importing Assets/Epic Toon FX/Materials/Misc/Liquid/splat01_AB.mat using Guid(fb160fb6f3cc4e64796e5256e24dd2d2) Importer(815301076,1909f56bfc062723c751e8b465ee728b)  -> (artifact id: 'dd2c5acc555d28ed826bdc1511409520') in 0.021494 seconds
  Import took 0.026459 seconds .

========================================================================
Received Import Request.
  Time since last request: 0.000135 seconds.
  path: Assets/Epic Toon FX/Materials/Misc/Text/sharp_yellow.mat
  artifactKey: Guid(a5fb89a338069534188b51c3abb7a128) Importer(815301076,1909f56bfc062723c751e8b465ee728b)
Start importing Assets/Epic Toon FX/Materials/Misc/Text/sharp_yellow.mat using Guid(a5fb89a338069534188b51c3abb7a128) Importer(815301076,1909f56bfc062723c751e8b465ee728b)  -> (artifact id: '1532ecb33ceb42c50ab70ae4c276454a') in 0.043417 seconds
  Import took 0.048209 seconds .

========================================================================
Received Import Request.
  Time since last request: 0.000149 seconds.
  path: Assets/Epic Toon FX/Materials/Misc/Sword/slash_ADD.mat
  artifactKey: Guid(9e2411d65e8b2094eaa91113863f37d4) Importer(815301076,1909f56bfc062723c751e8b465ee728b)
Start importing Assets/Epic Toon FX/Materials/Misc/Sword/slash_ADD.mat using Guid(9e2411d65e8b2094eaa91113863f37d4) Importer(815301076,1909f56bfc062723c751e8b465ee728b)  -> (artifact id: '85dc4116d35ae646d98ed13b64504aec') in 0.036769 seconds
  Import took 0.040746 seconds .

========================================================================
Received Import Request.
  Time since last request: 0.000143 seconds.
  path: Assets/Epic Toon FX/Materials/Basics/ring_nofade_ADD.mat
  artifactKey: Guid(9eb479f5a4882b2448c5740a38a0cdc0) Importer(815301076,1909f56bfc062723c751e8b465ee728b)
Start importing Assets/Epic Toon FX/Materials/Basics/ring_nofade_ADD.mat using Guid(9eb479f5a4882b2448c5740a38a0cdc0) Importer(815301076,1909f56bfc062723c751e8b465ee728b)  -> (artifact id: 'fe4197caa3d6bcc61ba510f1f4da4a2e') in 0.012688 seconds
  Import took 0.016811 seconds .

========================================================================
Received Import Request.
  Time since last request: 0.000134 seconds.
  path: Assets/Epic Toon FX/Materials/Misc/Liquid/water_3x3.mat
  artifactKey: Guid(c6cbb19e233e2824dabaac63818dc63b) Importer(815301076,1909f56bfc062723c751e8b465ee728b)
Start importing Assets/Epic Toon FX/Materials/Misc/Liquid/water_3x3.mat using Guid(c6cbb19e233e2824dabaac63818dc63b) Importer(815301076,1909f56bfc062723c751e8b465ee728b)  -> (artifact id: 'b25ce47cd346c2568bd4d0b695602640') in 0.025371 seconds
  Import took 0.029747 seconds .

========================================================================
Received Import Request.
  Time since last request: 0.000125 seconds.
  path: Assets/Epic Toon FX/Materials/Misc/Text/zzzap.mat
  artifactKey: Guid(a9663b27166634743b527ef6bb592a9d) Importer(815301076,1909f56bfc062723c751e8b465ee728b)
Start importing Assets/Epic Toon FX/Materials/Misc/Text/zzzap.mat using Guid(a9663b27166634743b527ef6bb592a9d) Importer(815301076,1909f56bfc062723c751e8b465ee728b)  -> (artifact id: '9022575304a2369608dabe716c955cbd') in 0.025423 seconds
  Import took 0.029767 seconds .

========================================================================
Received Prepare
Registering precompiled user dll's ...
Registered in 0.001058 seconds.
Begin MonoManager ReloadAssembly
Native extension for WindowsStandalone target not found
Refreshing native plugins compatible for Editor in 0.81 ms, found 1 plugins.
Preloading 0 native plugins for Editor in 0.00 ms.
Invoked RoslynAnalysisRunner static constructor.
RoslynAnalysisRunner will not be running.
RoslynAnalysisRunner has terminated.
Mono: successfully reloaded assembly
- Completed reload, in  0.641 seconds
Platform modules already initialized, skipping
Shader 'Universal Render Pipeline/Particles/Lit': fallback shader 'Universal Render Pipeline/Particles/SimpleLit' not found
Refreshing native plugins compatible for Editor in 0.74 ms, found 1 plugins.
Preloading 0 native plugins for Editor in 0.00 ms.
Unloading 3016 Unused Serialized files (Serialized files now loaded: 0)
System memory in use before: 226.2 MB.
System memory in use after: 226.4 MB.

Unloading 10 unused Assets to reduce memory usage. Loaded Objects now: 3694.
Total: 2.576500 ms (FindLiveObjects: 0.329100 ms CreateObjectMapping: 0.118900 ms MarkObjects: 2.113800 ms  DeleteObjects: 0.013900 ms)

========================================================================
Received Import Request.
  Time since last request: 48.970712 seconds.
  path: Assets/Epic Toon FX/Textures/sparkle2.png
  artifactKey: Guid(81c2794b522bc6a4fa81c3ad4900b9c6) Importer(815301076,1909f56bfc062723c751e8b465ee728b)
Start importing Assets/Epic Toon FX/Textures/sparkle2.png using Guid(81c2794b522bc6a4fa81c3ad4900b9c6) Importer(815301076,1909f56bfc062723c751e8b465ee728b)  -> (artifact id: '847a45b2fe77267069dfcfabf0722272') in 0.035025 seconds
  Import took 0.039784 seconds .

========================================================================
Received Import Request.
  Time since last request: 0.000339 seconds.
  path: Assets/Epic Toon FX/Textures/sparkle2.png
  artifactKey: Guid(81c2794b522bc6a4fa81c3ad4900b9c6) Importer(815301076,1909f56bfc062723c751e8b465ee728b)
Start importing Assets/Epic Toon FX/Textures/sparkle2.png using Guid(81c2794b522bc6a4fa81c3ad4900b9c6) Importer(815301076,1909f56bfc062723c751e8b465ee728b)  -> (artifact id: '847a45b2fe77267069dfcfabf0722272') in 0.008779 seconds
  Import took 0.012452 seconds .

========================================================================
Received Prepare
Registering precompiled user dll's ...
Registered in 0.000786 seconds.
Begin MonoManager ReloadAssembly
Native extension for WindowsStandalone target not found
Refreshing native plugins compatible for Editor in 0.74 ms, found 1 plugins.
Preloading 0 native plugins for Editor in 0.00 ms.
Invoked RoslynAnalysisRunner static constructor.
RoslynAnalysisRunner will not be running.
RoslynAnalysisRunner has terminated.
Mono: successfully reloaded assembly
- Completed reload, in  0.654 seconds
Platform modules already initialized, skipping
Shader 'Universal Render Pipeline/Particles/Lit': fallback shader 'Universal Render Pipeline/Particles/SimpleLit' not found
Refreshing native plugins compatible for Editor in 0.76 ms, found 1 plugins.
Preloading 0 native plugins for Editor in 0.00 ms.
Unloading 3016 Unused Serialized files (Serialized files now loaded: 0)
System memory in use before: 226.2 MB.
System memory in use after: 226.5 MB.

Unloading 10 unused Assets to reduce memory usage. Loaded Objects now: 3698.
Total: 2.344800 ms (FindLiveObjects: 0.358500 ms CreateObjectMapping: 0.090900 ms MarkObjects: 1.882400 ms  DeleteObjects: 0.012300 ms)

========================================================================
Received Prepare
Registering precompiled user dll's ...
Registered in 0.000762 seconds.
Begin MonoManager ReloadAssembly
Native extension for WindowsStandalone target not found
Refreshing native plugins compatible for Editor in 0.74 ms, found 1 plugins.
Preloading 0 native plugins for Editor in 0.00 ms.
Invoked RoslynAnalysisRunner static constructor.
RoslynAnalysisRunner will not be running.
RoslynAnalysisRunner has terminated.
Mono: successfully reloaded assembly
- Completed reload, in  0.638 seconds
Platform modules already initialized, skipping
Shader 'Universal Render Pipeline/Particles/Lit': fallback shader 'Universal Render Pipeline/Particles/SimpleLit' not found
Refreshing native plugins compatible for Editor in 0.73 ms, found 1 plugins.
Preloading 0 native plugins for Editor in 0.00 ms.
Unloading 3016 Unused Serialized files (Serialized files now loaded: 0)
System memory in use before: 226.3 MB.
System memory in use after: 226.5 MB.

Unloading 10 unused Assets to reduce memory usage. Loaded Objects now: 3701.
Total: 2.793900 ms (FindLiveObjects: 0.329400 ms CreateObjectMapping: 0.086600 ms MarkObjects: 2.363500 ms  DeleteObjects: 0.013800 ms)

========================================================================
Received Prepare
Registering precompiled user dll's ...
Registered in 0.001001 seconds.
Begin MonoManager ReloadAssembly
Native extension for WindowsStandalone target not found
Refreshing native plugins compatible for Editor in 0.72 ms, found 1 plugins.
Preloading 0 native plugins for Editor in 0.00 ms.
Invoked RoslynAnalysisRunner static constructor.
RoslynAnalysisRunner will not be running.
RoslynAnalysisRunner has terminated.
Mono: successfully reloaded assembly
- Completed reload, in  0.643 seconds
Platform modules already initialized, skipping
Shader 'Universal Render Pipeline/Particles/Lit': fallback shader 'Universal Render Pipeline/Particles/SimpleLit' not found
Refreshing native plugins compatible for Editor in 0.74 ms, found 1 plugins.
Preloading 0 native plugins for Editor in 0.00 ms.
Unloading 3016 Unused Serialized files (Serialized files now loaded: 0)
System memory in use before: 226.3 MB.
System memory in use after: 226.5 MB.

Unloading 10 unused Assets to reduce memory usage. Loaded Objects now: 3704.
Total: 2.209000 ms (FindLiveObjects: 0.270500 ms CreateObjectMapping: 0.088700 ms MarkObjects: 1.834800 ms  DeleteObjects: 0.014000 ms)

========================================================================
Received Prepare
Registering precompiled user dll's ...
Registered in 0.001693 seconds.
Begin MonoManager ReloadAssembly
Native extension for WindowsStandalone target not found
Refreshing native plugins compatible for Editor in 0.82 ms, found 1 plugins.
Preloading 0 native plugins for Editor in 0.00 ms.
Invoked RoslynAnalysisRunner static constructor.
RoslynAnalysisRunner will not be running.
RoslynAnalysisRunner has terminated.
Mono: successfully reloaded assembly
- Completed reload, in  0.734 seconds
Platform modules already initialized, skipping
Shader 'Universal Render Pipeline/Particles/Lit': fallback shader 'Universal Render Pipeline/Particles/SimpleLit' not found
Refreshing native plugins compatible for Editor in 0.94 ms, found 1 plugins.
Preloading 0 native plugins for Editor in 0.00 ms.
Unloading 3016 Unused Serialized files (Serialized files now loaded: 0)
System memory in use before: 226.3 MB.
System memory in use after: 226.5 MB.

Unloading 10 unused Assets to reduce memory usage. Loaded Objects now: 3707.
Total: 2.760600 ms (FindLiveObjects: 0.468900 ms CreateObjectMapping: 0.097400 ms MarkObjects: 2.175600 ms  DeleteObjects: 0.017500 ms)

AssetImportWorkerClient::OnTransportError - code=2 error=End of file
